27-Sep-21 11:14:29 - root - INFO  - One person intends to register as a student! 
27-Sep-21 11:14:36 - root - WARNING  - a person entered nothing username for registering as a student ! 
27-Sep-21 11:14:53 - root - WARNING  - a person entered the wrong re_password for registering as a student ! 
27-Sep-21 11:14:58 - root - INFO  - One person successfully registered as student! 
27-Sep-21 11:15:16 - root - INFO  - One person intends to register as a education responsible! 
27-Sep-21 11:15:35 - root - INFO  - One person successfully registered as education responsible! 
27-Sep-21 11:15:57 - root - INFO  - One person intends to register as a student! 
27-Sep-21 11:16:02 - root - WARNING  - a person entered nothing username for registering as a student ! 
27-Sep-21 11:16:19 - root - INFO  - One person successfully registered as student! 
27-Sep-21 11:16:23 - root - INFO  - One person intends to register as a education responsible! 
27-Sep-21 11:16:45 - root - INFO  - One person successfully registered as education responsible! 
27-Sep-21 11:17:24 - root - INFO  - One person intends to register as a student! 
27-Sep-21 11:17:50 - root - WARNING  - a person entered nothing username for registering as a student ! 
27-Sep-21 11:18:05 - root - INFO  - One person successfully registered as student! 
27-Sep-21 11:18:11 - root - INFO  - One person intends to register as a student! 
27-Sep-21 11:18:33 - root - WARNING  - a person entered nothing username for registering as a student ! 
27-Sep-21 11:18:50 - root - INFO  - One person successfully registered as student! 
27-Sep-21 11:18:52 - root - INFO  - One person intends to register as a education responsible! 
27-Sep-21 11:19:18 - root - WARNING  - a person entered wrong password for registering as a education responsible ! 
27-Sep-21 11:19:26 - root - WARNING  - a person entered wrong password for registering as a education responsible ! 
27-Sep-21 11:19:57 - root - INFO  - One person successfully registered as education responsible! 
27-Sep-21 11:20:00 - root - INFO  - One person intends to register as a education responsible! 
27-Sep-21 11:20:24 - root - INFO  - One person successfully registered as education responsible! 
27-Sep-21 11:20:34 - root - INFO  - One person intends to login as a student! 
27-Sep-21 11:20:38 - root - WARNING  - a person entered wrong username for logging in as a student ! 
27-Sep-21 11:20:50 - root - WARNING  - a person entered wrong password for logging in as a student ! 
27-Sep-21 11:21:11 - root - INFO  - One person successfully log in as student! 
27-Sep-21 11:22:28 - root - INFO  - One person intends to login as a student! 
27-Sep-21 11:22:36 - root - INFO  - One person successfully log in as student! 
27-Sep-21 11:22:54 - root - INFO  - One person intends to login as a education responsible! 
27-Sep-21 11:23:43 - root - INFO  - One person successfully log in as education responsible! 
27-Sep-21 11:24:24 - root - INFO  - One person intends to login as a education responsible! 
27-Sep-21 11:24:34 - root - INFO  - One person successfully log in as education responsible! 
27-Sep-21 11:24:55 - root - INFO  - education responsible entered new lesson! 
02-Oct-21 12:58:49 - root - INFO  - One person intends to register as a student! 
02-Oct-21 12:59:53 - root - INFO  - One person intends to register as a student! 
02-Oct-21 13:34:13 - root - INFO  - One person intends to register as a student! 
02-Oct-21 13:34:19 - root - INFO  - One person intends to register as a student! 
02-Oct-21 13:34:23 - root - INFO  - One person intends to register as a teacher! 
02-Oct-21 13:34:25 - root - INFO  - One person intends to register as a education responsible! 
02-Oct-21 13:34:31 - root - INFO  - One person intends to login as a student! 
02-Oct-21 13:34:34 - root - INFO  - One person intends to login as a teacher! 
02-Oct-21 13:35:03 - root - INFO  - One person intends to register as a student! 
02-Oct-21 13:36:11 - root - INFO  - One person intends to register as a student! 
02-Oct-21 13:38:09 - root - INFO  - One person intends to register as a student! 
02-Oct-21 13:43:56 - root - INFO  - One person intends to register as a teacher! 
02-Oct-21 13:45:10 - root - INFO  - One person intends to register as a student! 
02-Oct-21 13:45:13 - root - INFO  - One person intends to register as a teacher! 
02-Oct-21 13:45:30 - root - INFO  - One person intends to register as a teacher! 
02-Oct-21 13:45:34 - root - INFO  - One person intends to register as a education responsible! 
02-Oct-21 13:45:54 - root - INFO  - One person intends to login as a student! 
02-Oct-21 15:17:35 - root - INFO  - One person intends to register as a student! 
02-Oct-21 15:19:05 - root - WARNING  - a person entered nothing username for registering as a student ! 
02-Oct-21 15:21:18 - root - WARNING  - a person entered nothing username for registering as a student ! 
02-Oct-21 15:21:22 - root - WARNING  - a person entered the wrong password for registering as a student ! 
02-Oct-21 15:21:41 - root - INFO  - One person successfully registered as student! 
02-Oct-21 15:21:41 - root - INFO  - One person intends to register as a student! 
02-Oct-21 15:37:38 - root - WARNING  - a person entered wrong password for registering as a teacher ! 
02-Oct-21 15:38:04 - root - INFO  - One person successfully registered as teacher! 
02-Oct-21 15:38:04 - root - INFO  - One person intends to register as a teacher! 
02-Oct-21 15:38:48 - root - INFO  - One person successfully registered as teacher! 
02-Oct-21 15:38:48 - root - INFO  - One person intends to register as a teacher! 
02-Oct-21 15:40:16 - root - INFO  - One person successfully registered as teacher! 
02-Oct-21 15:40:16 - root - INFO  - One person intends to register as a teacher! 
02-Oct-21 15:40:44 - root - WARNING  - a person entered wrong password for registering as a teacher ! 
02-Oct-21 15:41:06 - root - WARNING  - a person entered wrong re_password for registering as a teacher ! 
02-Oct-21 15:41:19 - root - INFO  - One person successfully registered as teacher! 
02-Oct-21 15:41:19 - root - INFO  - One person intends to register as a teacher! 
02-Oct-21 16:45:50 - root - INFO  - One person intends to login as a student! 
02-Oct-21 16:46:34 - root - INFO  - One person intends to login as a student! 
02-Oct-21 16:50:52 - root - INFO  - One person intends to login as a student! 
02-Oct-21 17:00:59 - root - WARNING  - a person entered wrong username for logging in as a student ! 
02-Oct-21 17:01:28 - root - WARNING  - a person entered wrong password for logging in as a student ! 
02-Oct-21 17:28:58 - root - INFO  - One person successfully log in as student! 
02-Oct-21 17:32:29 - root - INFO  - One person successfully log in as student! 
02-Oct-21 17:33:46 - root - INFO  - One person successfully log in as student! 
02-Oct-21 17:36:10 - root - INFO  - One person successfully log in as student! 
02-Oct-21 17:36:15 - root - INFO  - One person intends to login as a student! 
03-Oct-21 11:02:06 - root - INFO  - One person intends to login as a student! 
03-Oct-21 11:02:16 - root - INFO  - One person intends to login as a student! 
03-Oct-21 11:27:53 - root - WARNING  - a person entered nothing username for registering as a student ! 
03-Oct-21 11:53:46 - root - INFO  - One person intends to login as a student! 
03-Oct-21 11:57:17 - root - INFO  - One person successfully log in as student! 
03-Oct-21 11:59:13 - root - INFO  - One person successfully log in as student! 
03-Oct-21 12:02:16 - root - INFO  - One person intends to login as a student! 
03-Oct-21 12:02:26 - root - INFO  - One person successfully log in as student! 
03-Oct-21 12:05:13 - root - INFO  - One person successfully log in as student! 
03-Oct-21 12:07:37 - root - INFO  - One person successfully log in as student! 
03-Oct-21 12:08:14 - root - INFO  - One person successfully log in as student! 
03-Oct-21 12:08:25 - root - INFO  - One person intends to login as a student! 
03-Oct-21 12:09:49 - root - WARNING  - a person entered wrong password for logging in as a student ! 
03-Oct-21 12:10:03 - root - INFO  - One person successfully log in as student! 
03-Oct-21 12:10:27 - root - INFO  - One person intends to login as a student! 
03-Oct-21 15:05:46 - root - INFO  - One person successfully log in as student! 
03-Oct-21 15:06:27 - root - INFO  - One person intends to login as a student! 
03-Oct-21 15:07:13 - root - INFO  - One person successfully log in as student! 
03-Oct-21 15:08:25 - root - INFO  - One person intends to login as a student! 
03-Oct-21 15:18:46 - root - INFO  - One person successfully log in as student! 
03-Oct-21 15:19:43 - root - INFO  - One person successfully log in as student! 
03-Oct-21 15:20:25 - root - INFO  - One person successfully log in as student! 
03-Oct-21 15:22:44 - root - INFO  - One person successfully log in as student! 
03-Oct-21 15:23:21 - root - INFO  - One person successfully log in as student! 
03-Oct-21 15:26:27 - root - INFO  - One person successfully log in as student! 
03-Oct-21 15:28:20 - root - INFO  - One person successfully log in as student! 
03-Oct-21 15:33:42 - root - INFO  - One person successfully log in as student! 
03-Oct-21 15:34:38 - root - INFO  - One person successfully log in as student! 
03-Oct-21 15:35:12 - root - INFO  - One person successfully log in as student! 
03-Oct-21 15:35:52 - root - INFO  - One person successfully log in as student! 
03-Oct-21 15:38:18 - root - INFO  - One person successfully log in as student! 
03-Oct-21 15:40:11 - root - INFO  - One person successfully log in as student! 
03-Oct-21 15:40:40 - root - INFO  - One person intends to login as a student! 
03-Oct-21 15:41:26 - root - INFO  - One person successfully log in as student! 
03-Oct-21 15:42:10 - root - INFO  - One person intends to login as a student! 
03-Oct-21 15:42:26 - root - INFO  - One person successfully log in as student! 
03-Oct-21 19:42:14 - root - WARNING  - a person entered nothing username for registering as a student ! 
03-Oct-21 19:49:22 - root - WARNING  - a person entered nothing username for registering as a student ! 
03-Oct-21 19:50:38 - root - WARNING  - a person entered nothing username for registering as a student ! 
03-Oct-21 19:53:41 - root - WARNING  - a person entered wrong username for logging in as a student ! 
03-Oct-21 19:53:47 - root - WARNING  - a person entered wrong username for logging in as a student ! 
03-Oct-21 19:54:06 - root - WARNING  - a person entered nothing username for registering as a student ! 
03-Oct-21 19:54:06 - root - WARNING  - a person entered nothing username for registering as a student ! 
03-Oct-21 19:54:07 - root - WARNING  - a person entered the wrong password for registering as a student ! 
03-Oct-21 19:54:11 - root - WARNING  - a person entered the wrong password for registering as a student ! 
03-Oct-21 19:55:43 - root - WARNING  - a person entered nothing username for registering as a student ! 
03-Oct-21 19:55:43 - root - WARNING  - a person entered nothing username for registering as a student ! 
03-Oct-21 19:55:45 - root - WARNING  - a person entered the wrong password for registering as a student ! 
03-Oct-21 19:55:49 - root - WARNING  - a person entered the wrong password for registering as a student ! 
03-Oct-21 19:55:51 - root - WARNING  - a person entered the wrong password for registering as a student ! 
03-Oct-21 19:56:21 - root - WARNING  - a person entered nothing username for registering as a student ! 
03-Oct-21 19:56:21 - root - WARNING  - a person entered nothing username for registering as a student ! 
03-Oct-21 19:57:10 - root - WARNING  - a person entered nothing username for registering as a student ! 
03-Oct-21 19:57:10 - root - WARNING  - a person entered nothing username for registering as a student ! 
03-Oct-21 19:58:33 - root - WARNING  - a person entered nothing username for registering as a student ! 
03-Oct-21 20:04:13 - root - WARNING  - a person entered invalid username for registering as a student ! 
03-Oct-21 20:05:03 - root - WARNING  - a person entered invalid username for registering as a student ! 
03-Oct-21 20:05:30 - root - WARNING  - a person entered invalid username for registering as a student ! 
03-Oct-21 20:05:51 - root - WARNING  - a person entered invalid username for registering as a student ! 
03-Oct-21 20:09:17 - root - WARNING  - a person entered invalid username for registering as a student ! 
03-Oct-21 20:09:51 - root - WARNING  - a person entered invalid username for registering as a student ! 
03-Oct-21 20:09:54 - root - WARNING  - a person entered invalid username for registering as a student ! 
03-Oct-21 22:59:27 - root - INFO  - One person successfully log in as student! 
03-Oct-21 23:01:20 - root - INFO  - One person successfully log in as student! 
03-Oct-21 23:01:52 - root - INFO  - One person successfully log in as student! 
03-Oct-21 23:02:46 - root - INFO  - One person successfully log in as student! 
03-Oct-21 23:03:07 - root - INFO  - One person successfully log in as student! 
03-Oct-21 23:04:08 - root - INFO  - One person successfully log in as student! 
03-Oct-21 23:06:21 - root - INFO  - One person successfully log in as student! 
03-Oct-21 23:16:28 - root - INFO  - One person successfully log in as student! 
03-Oct-21 23:17:07 - root - INFO  - One person successfully log in as student! 
03-Oct-21 23:17:54 - root - INFO  - One person successfully log in as student! 
03-Oct-21 23:20:52 - root - INFO  - One person successfully log in as student! 
03-Oct-21 23:21:30 - root - INFO  - One person successfully log in as student! 
03-Oct-21 23:23:33 - root - WARNING  - a person entered wrong password for logging in as a student ! 
03-Oct-21 23:23:54 - root - WARNING  - a person entered wrong password for logging in as a student ! 
03-Oct-21 23:24:08 - root - INFO  - One person successfully log in as student! 
03-Oct-21 23:29:57 - root - INFO  - One person successfully log in as student! 
03-Oct-21 23:32:28 - root - INFO  - One person successfully log in as student! 
03-Oct-21 23:33:06 - root - INFO  - One person successfully log in as student! 
03-Oct-21 23:33:47 - root - INFO  - One person successfully log in as student! 
03-Oct-21 23:34:39 - root - INFO  - One person successfully log in as student! 
03-Oct-21 23:35:01 - root - INFO  - One person successfully log in as student! 
03-Oct-21 23:37:34 - root - INFO  - One person successfully log in as student! 
03-Oct-21 23:38:38 - root - INFO  - One person successfully log in as student! 
03-Oct-21 23:40:05 - root - INFO  - One person successfully log in as student! 
03-Oct-21 23:41:04 - root - INFO  - One person successfully log in as student! 
03-Oct-21 23:57:30 - root - INFO  - One person successfully log in as student! 
04-Oct-21 00:11:08 - root - INFO  - One person successfully log in as student! 
04-Oct-21 00:29:40 - root - INFO  - One person successfully log in as student! 
04-Oct-21 00:37:30 - root - INFO  - One person successfully log in as student! 
04-Oct-21 00:39:15 - root - INFO  - One person successfully log in as student! 
04-Oct-21 00:40:37 - root - INFO  - One person successfully log in as student! 
04-Oct-21 00:41:53 - root - INFO  - One person successfully log in as student! 
04-Oct-21 00:45:38 - root - INFO  - One person successfully log in as student! 
04-Oct-21 00:49:48 - root - INFO  - One person successfully log in as student! 
04-Oct-21 01:48:27 - root - INFO  - One person successfully log in as student! 
04-Oct-21 01:48:36 - root - INFO  - One person intends to login as a student! 
04-Oct-21 01:49:54 - root - INFO  - One person successfully log in as student! 
04-Oct-21 01:54:15 - root - INFO  - One person successfully log in as student! 
04-Oct-21 01:56:53 - root - INFO  - One person successfully log in as student! 
04-Oct-21 01:57:40 - root - INFO  - One person intends to login as a student! 
04-Oct-21 01:58:10 - root - INFO  - One person successfully log in as student! 
04-Oct-21 02:08:35 - root - INFO  - One person successfully log in as student! 
04-Oct-21 02:09:28 - root - INFO  - One person successfully log in as student! 
04-Oct-21 02:09:46 - root - INFO  - One person intends to login as a student! 
04-Oct-21 02:10:18 - root - INFO  - One person successfully log in as student! 
04-Oct-21 02:11:21 - root - INFO  - One person successfully log in as student! 
04-Oct-21 02:14:11 - root - INFO  - One person successfully log in as student! 
04-Oct-21 02:15:49 - root - INFO  - One person successfully log in as student! 
04-Oct-21 02:17:07 - root - INFO  - One person successfully log in as student! 
04-Oct-21 02:25:46 - root - INFO  - One person successfully log in as student! 
04-Oct-21 02:29:50 - root - INFO  - One person successfully log in as student! 
04-Oct-21 02:32:05 - root - INFO  - One person successfully log in as student! 
04-Oct-21 02:48:43 - root - INFO  - One person successfully log in as student! 
04-Oct-21 03:04:11 - root - INFO  - One person successfully log in as student! 
04-Oct-21 07:59:54 - root - INFO  - One person intends to login as a teacher! 
04-Oct-21 08:03:30 - root - INFO  - One person successfully log in as student! 
04-Oct-21 08:06:01 - root - INFO  - One person successfully log in as student! 
04-Oct-21 08:06:50 - root - INFO  - One person successfully log in as student! 
04-Oct-21 08:11:12 - root - INFO  - One person successfully log in as student! 
04-Oct-21 08:16:56 - root - WARNING  - a person entered wrong password for logging in as a teacher ! 
04-Oct-21 08:17:09 - root - INFO  - One person successfully log in as student! 
04-Oct-21 08:18:19 - root - INFO  - One person successfully log in as student! 
04-Oct-21 08:19:23 - root - INFO  - One person successfully log in as student! 
04-Oct-21 11:49:48 - root - INFO  - One person successfully log in as education responsible! 
04-Oct-21 11:54:22 - root - INFO  - One person successfully log in as education responsible! 
04-Oct-21 11:54:44 - root - INFO  - One person successfully log in as education responsible! 
04-Oct-21 12:00:17 - root - INFO  - One person successfully log in as education responsible! 
04-Oct-21 12:01:38 - root - INFO  - One person successfully log in as education responsible! 
04-Oct-21 12:02:15 - root - INFO  - education responsible entered new course! 
04-Oct-21 12:05:19 - root - INFO  - One person successfully log in as education responsible! 
04-Oct-21 12:06:03 - root - INFO  - One person successfully log in as education responsible! 
04-Oct-21 12:13:06 - root - INFO  - One person successfully log in as education responsible! 
04-Oct-21 12:17:48 - root - INFO  - One person successfully log in as education responsible! 
04-Oct-21 12:27:28 - root - INFO  - One person successfully log in as education responsible! 
04-Oct-21 12:30:45 - root - INFO  - One person successfully log in as education responsible! 
04-Oct-21 12:31:33 - root - INFO  - One person successfully log in as education responsible! 
04-Oct-21 12:32:25 - root - INFO  - One person successfully log in as education responsible! 
04-Oct-21 12:33:18 - root - WARNING  - a person entered wrong username for logging in as a education_responsible ! 
04-Oct-21 12:33:25 - root - INFO  - One person successfully log in as education responsible! 
04-Oct-21 12:41:20 - root - INFO  - One person successfully log in as education responsible! 
04-Oct-21 12:44:08 - root - INFO  - One person successfully log in as education responsible! 
04-Oct-21 12:45:23 - root - INFO  - One person successfully log in as education responsible! 
04-Oct-21 12:52:01 - root - ERROR  - One person enter not valid key! 
04-Oct-21 13:42:36 - root - WARNING  - a person entered invalid username for registering as a student ! 
04-Oct-21 13:45:00 - root - WARNING  - a person entered the wrong password for registering as a student ! 
04-Oct-21 15:41:53 - root - INFO  - One person successfully registered as student! 
04-Oct-21 15:41:53 - root - INFO  - One person intends to register as a student! 
04-Oct-21 18:12:52 - root - INFO  - One person successfully registered as student! 
04-Oct-21 18:12:52 - root - INFO  - One person intends to register as a teacher! 
04-Oct-21 18:13:30 - root - INFO  - One person successfully log in as student! 
05-Oct-21 00:28:02 - root - INFO  - One person successfully registered as student! 
05-Oct-21 00:28:02 - root - INFO  - One person intends to register as a student! 
05-Oct-21 00:28:58 - root - INFO  - One person successfully registered as student! 
05-Oct-21 00:28:58 - root - INFO  - One person intends to register as a teacher! 
05-Oct-21 00:29:50 - root - INFO  - One person successfully registered as student! 
05-Oct-21 00:29:50 - root - INFO  - One person intends to register as a education responsible! 
05-Oct-21 00:31:31 - root - INFO  - One person successfully log in as student! 
05-Oct-21 00:32:51 - root - INFO  - One person successfully log in as student! 
05-Oct-21 00:36:09 - root - WARNING  - a person entered wrong password for logging in as a teacher ! 
05-Oct-21 00:36:19 - root - INFO  - One person successfully log in as student! 
05-Oct-21 00:37:05 - root - INFO  - One person successfully log in as student! 
05-Oct-21 00:38:25 - root - INFO  - One person successfully log in as student! 
05-Oct-21 00:38:55 - root - INFO  - One person intends to login as a teacher! 
05-Oct-21 00:39:54 - root - INFO  - One person successfully log in as student! 
05-Oct-21 00:43:22 - root - INFO  - One person successfully log in as student! 
05-Oct-21 00:46:17 - root - INFO  - One person successfully log in as student! 
05-Oct-21 00:50:41 - root - INFO  - One person successfully log in as student! 
05-Oct-21 00:52:27 - root - INFO  - One person successfully log in as student! 
05-Oct-21 00:52:48 - root - INFO  - One person intends to login as a student! 
05-Oct-21 00:53:25 - root - INFO  - One person successfully log in as education responsible! 
05-Oct-21 00:57:07 - root - INFO  - One person successfully log in as education responsible! 
05-Oct-21 00:57:55 - root - INFO  - One person successfully log in as education responsible! 
05-Oct-21 00:58:58 - root - INFO  - One person successfully log in as education responsible! 
05-Oct-21 00:59:20 - root - INFO  - education responsible entered new course! 
05-Oct-21 01:07:19 - root - INFO  - One person successfully log in as education responsible! 
05-Oct-21 01:07:27 - root - WARNING  - a person approve units as a education responsible ! 
05-Oct-21 01:10:16 - root - INFO  - One person successfully log in as education responsible! 
05-Oct-21 01:12:16 - root - INFO  - One person successfully log in as education responsible! 
05-Oct-21 01:18:39 - root - WARNING  - a person entered wrong password for logging in as a education_responsible ! 
05-Oct-21 01:18:52 - root - INFO  - One person successfully log in as education responsible! 
05-Oct-21 01:46:31 - root - INFO  - One person successfully log in as education responsible! 
05-Oct-21 01:48:02 - root - INFO  - One person successfully log in as education responsible! 
05-Oct-21 01:49:09 - root - INFO  - One person successfully log in as education responsible! 
05-Oct-21 01:51:17 - root - INFO  - One person successfully log in as education responsible! 
05-Oct-21 01:52:11 - root - INFO  - One person successfully log in as education responsible! 
05-Oct-21 01:57:55 - root - INFO  - One person successfully log in as education responsible! 
05-Oct-21 02:05:24 - root - WARNING  - a person entered wrong password for logging in as a education_responsible ! 
05-Oct-21 02:05:24 - root - WARNING  - a person entered wrong password for logging in as a education_responsible ! 
05-Oct-21 02:05:34 - root - WARNING  - a person entered wrong password for logging in as a education_responsible ! 
05-Oct-21 02:05:41 - root - INFO  - One person successfully log in as education responsible! 
05-Oct-21 02:08:22 - root - INFO  - One person successfully log in as education responsible! 
05-Oct-21 02:09:41 - root - INFO  - One person successfully log in as education responsible! 
05-Oct-21 02:12:19 - root - INFO  - One person successfully log in as education responsible! 
05-Oct-21 02:13:23 - root - INFO  - One person successfully log in as education responsible! 
05-Oct-21 02:15:59 - root - INFO  - One person successfully log in as education responsible! 
05-Oct-21 02:18:35 - root - INFO  - One person successfully log in as education responsible! 
05-Oct-21 02:21:54 - root - INFO  - One person successfully log in as education responsible! 
05-Oct-21 02:24:37 - root - INFO  - One person successfully log in as education responsible! 
05-Oct-21 02:26:03 - root - INFO  - One person successfully log in as education responsible! 
05-Oct-21 02:32:08 - root - INFO  - One person successfully log in as education responsible! 
05-Oct-21 02:37:38 - root - INFO  - One person successfully log in as education responsible! 
05-Oct-21 02:39:27 - root - INFO  - One person successfully log in as education responsible! 
05-Oct-21 02:40:45 - root - INFO  - One person successfully log in as education responsible! 
05-Oct-21 02:43:21 - root - INFO  - One person successfully log in as education responsible! 
05-Oct-21 02:44:17 - root - WARNING  - a person entered wrong password for logging in as a education_responsible ! 
05-Oct-21 02:44:24 - root - INFO  - One person successfully log in as education responsible! 
05-Oct-21 02:45:33 - root - INFO  - One person successfully log in as education responsible! 
05-Oct-21 02:58:10 - root - INFO  - One person successfully log in as education responsible! 
05-Oct-21 02:59:41 - root - INFO  - One person successfully log in as education responsible! 
05-Oct-21 03:00:28 - root - INFO  - One person successfully log in as education responsible! 
05-Oct-21 03:12:37 - root - INFO  - One person successfully log in as education responsible! 
05-Oct-21 03:13:49 - root - INFO  - One person successfully log in as education responsible! 
05-Oct-21 03:15:00 - root - INFO  - One person successfully log in as education responsible! 
